<?xml version="1.0" encoding="UTF-8" ?>
<<<<<<< HEAD
<testsuite errors="0" failures="0" hostname="OEG-PC" name="FileDownloadTest" skipped="0" tests="3" time="3.66" timestamp="2013-12-11T11:41:34">
=======
<testsuite errors="0" failures="0" hostname="user-PC" name="FileDownloadTest" skipped="0" tests="3" time="3.969" timestamp="2013-12-11T11:34:46">
>>>>>>> origin/j9988t
  <properties>
    <property name="java.vendor" value="Oracle Corporation" />
    <property name="external JARs.dir" value="external JARs" />
    <property name="sun.java.launcher" value="SUN_STANDARD" />
    <property name="sun.management.compiler" value="HotSpot Client Compiler" />
    <property name="os.name" value="Windows 7" />
    <property name="sun.boot.class.path" value="C:\Program Files (x86)\Java\jdk1.7.0_45\jre\lib\resources.jar;C:\Program Files (x86)\Java\jdk1.7.0_45\jre\lib\rt.jar;C:\Program Files (x86)\Java\jdk1.7.0_45\jre\lib\sunrsasign.jar;C:\Program Files (x86)\Java\jdk1.7.0_45\jre\lib\jsse.jar;C:\Program Files (x86)\Java\jdk1.7.0_45\jre\lib\jce.jar;C:\Program Files (x86)\Java\jdk1.7.0_45\jre\lib\charsets.jar;C:\Program Files (x86)\Java\jdk1.7.0_45\jre\lib\jfr.jar;C:\Program Files (x86)\Java\jdk1.7.0_45\jre\classes" />
    <property name="sun.desktop" value="windows" />
    <property name="java.vm.specification.vendor" value="Oracle Corporation" />
    <property name="ant.home" value="C:\Users\user\Desktop\apache-ant-1.9.2-bin\apache-ant-1.9.2" />
    <property name="jar.dir" value="build/jar" />
    <property name="java.runtime.version" value="1.7.0_45-b18" />
    <property name="user.name" value="user" />
    <property name="build.dir" value="build" />
    <property name="user.language" value="zh" />
    <property name="sun.boot.library.path" value="C:\Program Files (x86)\Java\jdk1.7.0_45\jre\bin" />
    <property name="reports.dir" value="reports" />
    <property name="ant.project.default-target" value="main" />
    <property name="ant.project.name" value="LnOS" />
    <property name="java.version" value="1.7.0_45" />
    <property name="user.timezone" value="" />
    <property name="sun.arch.data.model" value="32" />
    <property name="java.endorsed.dirs" value="C:\Program Files (x86)\Java\jdk1.7.0_45\jre\lib\endorsed" />
    <property name="sun.cpu.isalist" value="pentium_pro+mmx pentium_pro pentium+mmx pentium i486 i386 i86" />
    <property name="sun.jnu.encoding" value="MS950" />
    <property name="file.encoding.pkg" value="sun.io" />
    <property name="JUnit4.dir" value="external JARs/JUnit4" />
    <property name="file.separator" value="\" />
    <property name="java.specification.name" value="Java Platform API Specification" />
    <property name="classes.dir" value="build/classes" />
    <property name="java.class.version" value="51.0" />
    <property name="user.country" value="TW" />
    <property name="java.home" value="C:\Program Files (x86)\Java\jdk1.7.0_45\jre" />
    <property name="java.vm.info" value="mixed mode, sharing" />
    <property name="main-class" value="LnOS" />
    <property name="ant.file" value="C:\Users\user\Documents\GitHub\group_3\Large and Open Source Project\build.xml" />
    <property name="os.version" value="6.1" />
    <property name="path.separator" value=";" />
    <property name="ant.file.LnOS" value="C:\Users\user\Documents\GitHub\group_3\Large and Open Source Project\build.xml" />
    <property name="java.vm.version" value="24.45-b08" />
    <property name="user.variant" value="" />
    <property name="ant.file.type.LnOS" value="file" />
    <property name="ant.library.dir" value="C:\Users\user\Desktop\apache-ant-1.9.2-bin\apache-ant-1.9.2\lib" />
    <property name="java.awt.printerjob" value="sun.awt.windows.WPrinterJob" />
    <property name="sun.io.unicode.encoding" value="UnicodeLittle" />
    <property name="awt.toolkit" value="sun.awt.windows.WToolkit" />
    <property name="user.script" value="" />
    <property name="user.home" value="C:\Users\user" />
    <property name="java.specification.vendor" value="Oracle Corporation" />
    <property name="java.library.path" value="C:\Program Files (x86)\Java\jdk1.7.0_45\jre\bin;C:\Windows\Sun\Java\bin;C:\Windows\system32;C:\Windows;C:\Users\user\Desktop\apache-ant-1.9.2-bin\apache-ant-1.9.2\bin;C:\Windows\system32;C:\Windows;C:\Windows\System32\Wbem;C:\Windows\System32\WindowsPowerShell\v1.0\;C:\Program Files (x86)\Java\jdk1.7.0_45\bin;;." />
    <property name="java.vendor.url" value="http://java.oracle.com/" />
    <property name="java.vm.vendor" value="Oracle Corporation" />
    <property name="java.runtime.name" value="Java(TM) SE Runtime Environment" />
<<<<<<< HEAD
    <property name="sun.java.command" value="org.apache.tools.ant.taskdefs.optional.junit.JUnitTestRunner FileDownloadTest filtertrace=true haltOnError=false haltOnFailure=false formatter=org.apache.tools.ant.taskdefs.optional.junit.SummaryJUnitResultFormatter showoutput=false outputtoformatters=true logfailedtests=true logtestlistenerevents=false formatter=org.apache.tools.ant.taskdefs.optional.junit.XMLJUnitResultFormatter,C:\Users\OEG\Documents\GitHub\group_3\Large and Open Source Project\reports\raw\TEST-FileDownloadTest.xml crashfile=C:\Users\OEG\Documents\GitHub\group_3\Large and Open Source Project\junitvmwatcher4870558581130838659.properties propsfile=C:\Users\OEG\Documents\GitHub\group_3\Large and Open Source Project\junit87347977715376432.properties" />
    <property name="java.class.path" value="C:\Users\OEG\Documents\GitHub\group_3\Large and Open Source Project\build\classes;D:\JAVA Workspace\apache-ant-1.9.2\lib\junit.jar;D:\JAVA Workspace\apache-ant-1.9.2\lib\org.hamcrest.core_1.1.0.v20090501071000.jar;C:\Users\OEG\Documents\GitHub\group_3\Large and Open Source Project;C:\Program Files\Java\jdk1.7.0_45\lib;C:\Program Files (x86)\Java\jre7\lib\ext\QTJava.zip;D:\JAVA Workspace\apache-ant-1.9.2\lib\ant-launcher.jar;D:\JAVA Workspace\apache-ant-1.9.2\lib\ant.jar;D:\JAVA Workspace\apache-ant-1.9.2\lib\ant-junit.jar;D:\JAVA Workspace\apache-ant-1.9.2\lib\ant-junit4.jar" />
=======
    <property name="sun.java.command" value="org.apache.tools.ant.taskdefs.optional.junit.JUnitTestRunner FileDownloadTest filtertrace=true haltOnError=false haltOnFailure=false formatter=org.apache.tools.ant.taskdefs.optional.junit.SummaryJUnitResultFormatter showoutput=false outputtoformatters=true logfailedtests=true logtestlistenerevents=false formatter=org.apache.tools.ant.taskdefs.optional.junit.XMLJUnitResultFormatter,C:\Users\user\Documents\GitHub\group_3\Large and Open Source Project\reports\raw\TEST-FileDownloadTest.xml crashfile=C:\Users\user\Documents\GitHub\group_3\Large and Open Source Project\junitvmwatcher1999584635828464729.properties propsfile=C:\Users\user\Documents\GitHub\group_3\Large and Open Source Project\junit7814562956660184310.properties" />
    <property name="java.class.path" value="C:\Users\user\Documents\GitHub\group_3\Large and Open Source Project\build\classes;C:\Users\user\Documents\GitHub\group_3\Large and Open Source Project\external JARs\JUnit4\junit.jar;C:\Users\user\Documents\GitHub\group_3\Large and Open Source Project\external JARs\JUnit4\org.hamcrest.core_1.3.0.v201303031735.jar;C:\Users\user\Desktop\apache-ant-1.9.2-bin\apache-ant-1.9.2\lib\ant-launcher.jar;C:\Users\user\Desktop\apache-ant-1.9.2-bin\apache-ant-1.9.2\lib\ant.jar;C:\Users\user\Desktop\apache-ant-1.9.2-bin\apache-ant-1.9.2\lib\ant-junit.jar;C:\Users\user\Desktop\apache-ant-1.9.2-bin\apache-ant-1.9.2\lib\ant-junit4.jar" />
>>>>>>> origin/j9988t
    <property name="ant.version" value="Apache Ant(TM) version 1.9.2 compiled on July 8 2013" />
    <property name="java.vm.specification.name" value="Java Virtual Machine Specification" />
    <property name="ant.file.type" value="file" />
    <property name="java.vm.specification.version" value="1.7" />
    <property name="sun.cpu.endian" value="little" />
    <property name="sun.os.patch.level" value="Service Pack 1" />
    <property name="java.io.tmpdir" value="C:\Users\user\AppData\Local\Temp\" />
    <property name="java.vendor.url.bug" value="http://bugreport.sun.com/bugreport/" />
    <property name="os.arch" value="x86" />
    <property name="java.awt.graphicsenv" value="sun.awt.Win32GraphicsEnvironment" />
    <property name="java.ext.dirs" value="C:\Program Files (x86)\Java\jdk1.7.0_45\jre\lib\ext;C:\Windows\Sun\Java\lib\ext" />
    <property name="user.dir" value="C:\Users\user\Documents\GitHub\group_3\Large and Open Source Project" />
    <property name="line.separator" value="&#xd;&#xa;" />
    <property name="java.vm.name" value="Java HotSpot(TM) Client VM" />
    <property name="basedir" value="C:\Users\user\Documents\GitHub\group_3\Large and Open Source Project" />
    <property name="ant.java.version" value="1.7" />
    <property name="ant.core.lib" value="C:\Users\user\Desktop\apache-ant-1.9.2-bin\apache-ant-1.9.2\lib\ant.jar" />
    <property name="file.encoding" value="MS950" />
    <property name="java.specification.version" value="1.7" />
    <property name="src.dir" value="src" />
    <property name="ant.project.invoked-targets" value="main" />
  </properties>
<<<<<<< HEAD
  <testcase classname="FileDownloadTest" name="testPregUrl" time="0.01" />
  <testcase classname="FileDownloadTest" name="testGetWebHtml" time="1.25" />
  <testcase classname="FileDownloadTest" name="testLoadUrlFile" time="2.34" />
  <system-out><![CDATA[Start pregUrl------
------pregUrl down
Reading Web-
----Read finisded
start download--->http://api.worldbank.org/v2/zh/indicator/sh.hiv.1524.ma.zs?downloadformat=csv
done====>
]]></system-out>
  <system-err><![CDATA[]]></system-err>
=======
  <testcase classname="FileDownloadTest" name="testLoadUrlFile" time="1.386" />
  <testcase classname="FileDownloadTest" name="testPregUrl" time="0.002" />
  <testcase classname="FileDownloadTest" name="testGetWebHtml" time="2.435" />
  <system-out><![CDATA[start download--->http://api.worldbank.org/v2/zh/indicator/sh.hiv.1524.ma.zs?downloadformat=csv
error when reading file
Start pregUrl------
------pregUrl down
Reading Web-
----Read finisded
]]></system-out>
  <system-err><![CDATA[java.io.FileNotFoundException: CSV\hiv.zip (系統找不到指定的路徑。)
	at java.io.FileOutputStream.open(Native Method)
	at java.io.FileOutputStream.<init>(FileOutputStream.java:221)
	at java.io.FileOutputStream.<init>(FileOutputStream.java:110)
	at FileDownload.loadUrlFile(Unknown Source)
	at FileDownloadTest.testLoadUrlFile(Unknown Source)
	at sun.reflect.NativeMethodAccessorImpl.invoke0(Native Method)
	at sun.reflect.NativeMethodAccessorImpl.invoke(NativeMethodAccessorImpl.java:57)
	at sun.reflect.DelegatingMethodAccessorImpl.invoke(DelegatingMethodAccessorImpl.java:43)
	at java.lang.reflect.Method.invoke(Method.java:606)
	at org.junit.runners.model.FrameworkMethod$1.runReflectiveCall(FrameworkMethod.java:47)
	at org.junit.internal.runners.model.ReflectiveCallable.run(ReflectiveCallable.java:12)
	at org.junit.runners.model.FrameworkMethod.invokeExplosively(FrameworkMethod.java:44)
	at org.junit.internal.runners.statements.InvokeMethod.evaluate(InvokeMethod.java:17)
	at org.junit.internal.runners.statements.RunBefores.evaluate(RunBefores.java:26)
	at org.junit.runners.ParentRunner.runLeaf(ParentRunner.java:271)
	at org.junit.runners.BlockJUnit4ClassRunner.runChild(BlockJUnit4ClassRunner.java:70)
	at org.junit.runners.BlockJUnit4ClassRunner.runChild(BlockJUnit4ClassRunner.java:50)
	at org.junit.runners.ParentRunner$3.run(ParentRunner.java:238)
	at org.junit.runners.ParentRunner$1.schedule(ParentRunner.java:63)
	at org.junit.runners.ParentRunner.runChildren(ParentRunner.java:236)
	at org.junit.runners.ParentRunner.access$000(ParentRunner.java:53)
	at org.junit.runners.ParentRunner$2.evaluate(ParentRunner.java:229)
	at org.junit.runners.ParentRunner.run(ParentRunner.java:309)
	at junit.framework.JUnit4TestAdapter.run(JUnit4TestAdapter.java:38)
	at org.apache.tools.ant.taskdefs.optional.junit.JUnitTestRunner.run(JUnitTestRunner.java:523)
	at org.apache.tools.ant.taskdefs.optional.junit.JUnitTestRunner.launch(JUnitTestRunner.java:1063)
	at org.apache.tools.ant.taskdefs.optional.junit.JUnitTestRunner.main(JUnitTestRunner.java:914)
]]></system-err>
>>>>>>> origin/j9988t
</testsuite>
